Exporter version: 2.93.1, Blender version: 2.93.0
========= Conversion from Blender to Babylon.js =========
	Scene settings used :
		Inline textures     :  false
		Material Type       :  PBR
		Positions Precision :  4
		Normals Precision   :  3
		UVs Precision       :  3
		Vert Color Precision:  3
		Mat Weight Precision:  2
		Keep Z-up r-handed  :  no
		Texture directory   :  D:\Projects\Games\Ratio Rage\Blender\Tree\
	Python World class constructor completed
	processing begun of camera (UniversalCamera):  Camera
	processing begun of mesh:  PalmTree
		processing begun of material:  bark
		processing begun of material:  leaf
			WARNING: Metal channel baking required, but not possible, ignored
			WARNING: Roughness channel baking required, but not possible, ignored
			WARNING: Refraction channel baking required, but not possible, ignored
			Baking texture, type: DIFFUSE, mapped using: BakingUV
			processing texture PalmTree_baked_DIFFUSE
				texture type:  diffuseTexture, mapped using: "BakingUV"
			Diffuse / albeto channel baked
			Baking texture, type: EMIT, mapped using: BakingUV
			processing texture PalmTree_baked_EMIT
				texture type:  emissiveTexture, mapped using: "BakingUV"
			emissive channel baked
			Baking texture, type: GLOSSY, mapped using: BakingUV
			processing texture PalmTree_baked_GLOSSY
				texture type:  specularTexture, mapped using: "BakingUV"
			specular channel baked
			bake time:  0 min, 11.4899 secs
		num positions      :  1368
		num normals        :  1368
		num tangents       :  0
		num uvs            :  2736
		num uvs2           :  0
		num colors         :  0
		num triangles      :  508
	processing begun of mesh:  PalmTree.001
		processing begun of material:  bark
		processing begun of material:  leaf
			WARNING: Metal channel baking required, but not possible, ignored
			WARNING: Roughness channel baking required, but not possible, ignored
			WARNING: Refraction channel baking required, but not possible, ignored
			Baking texture, type: DIFFUSE, mapped using: BakingUV
			processing texture PalmTree_001_baked_DIFFUSE
				texture type:  diffuseTexture, mapped using: "BakingUV"
			Diffuse / albeto channel baked
			Baking texture, type: EMIT, mapped using: BakingUV
			processing texture PalmTree_001_baked_EMIT
				texture type:  emissiveTexture, mapped using: "BakingUV"
			emissive channel baked
			Baking texture, type: GLOSSY, mapped using: BakingUV
			processing texture PalmTree_001_baked_GLOSSY
				texture type:  specularTexture, mapped using: "BakingUV"
			specular channel baked
			bake time:  0 min, 11.5733 secs
		num positions      :  1458
		num normals        :  1458
		num tangents       :  0
		num uvs            :  2916
		num uvs2           :  0
		num colors         :  0
		num triangles      :  508
	processing begun of mesh:  PalmTree.002
		processing begun of material:  bark
		processing begun of material:  leaf
			WARNING: Metal channel baking required, but not possible, ignored
			WARNING: Roughness channel baking required, but not possible, ignored
			WARNING: Refraction channel baking required, but not possible, ignored
			Baking texture, type: DIFFUSE, mapped using: BakingUV
			processing texture PalmTree_002_baked_DIFFUSE
				texture type:  diffuseTexture, mapped using: "BakingUV"
			Diffuse / albeto channel baked
			Baking texture, type: EMIT, mapped using: BakingUV
			processing texture PalmTree_002_baked_EMIT
				texture type:  emissiveTexture, mapped using: "BakingUV"
			emissive channel baked
			Baking texture, type: GLOSSY, mapped using: BakingUV
			processing texture PalmTree_002_baked_GLOSSY
				texture type:  specularTexture, mapped using: "BakingUV"
			specular channel baked
			bake time:  0 min, 11.9021 secs
		num positions      :  1459
		num normals        :  1459
		num tangents       :  0
		num uvs            :  2918
		num uvs2           :  0
		num colors         :  0
		num triangles      :  508
	processing begun of mesh:  PalmTree.003
		processing begun of material:  bark
		processing begun of material:  leaf
			WARNING: Metal channel baking required, but not possible, ignored
			WARNING: Roughness channel baking required, but not possible, ignored
			WARNING: Refraction channel baking required, but not possible, ignored
			Baking texture, type: DIFFUSE, mapped using: BakingUV
			processing texture PalmTree_003_baked_DIFFUSE
				texture type:  diffuseTexture, mapped using: "BakingUV"
			Diffuse / albeto channel baked
			Baking texture, type: EMIT, mapped using: BakingUV
			processing texture PalmTree_003_baked_EMIT
				texture type:  emissiveTexture, mapped using: "BakingUV"
			emissive channel baked
			Baking texture, type: GLOSSY, mapped using: BakingUV
			processing texture PalmTree_003_baked_GLOSSY
				texture type:  specularTexture, mapped using: "BakingUV"
			specular channel baked
			bake time:  0 min, 11.8047 secs
		num positions      :  1464
		num normals        :  1464
		num tangents       :  0
		num uvs            :  2928
		num uvs2           :  0
		num colors         :  0
		num triangles      :  508
	processing begun of mesh:  PalmTree.004
		processing begun of material:  bark
		processing begun of material:  leaf
			WARNING: Metal channel baking required, but not possible, ignored
			WARNING: Roughness channel baking required, but not possible, ignored
			WARNING: Refraction channel baking required, but not possible, ignored
			Baking texture, type: DIFFUSE, mapped using: BakingUV
			processing texture PalmTree_004_baked_DIFFUSE
				texture type:  diffuseTexture, mapped using: "BakingUV"
			Diffuse / albeto channel baked
			Baking texture, type: EMIT, mapped using: BakingUV
			processing texture PalmTree_004_baked_EMIT
				texture type:  emissiveTexture, mapped using: "BakingUV"
			emissive channel baked
			Baking texture, type: GLOSSY, mapped using: BakingUV
			processing texture PalmTree_004_baked_GLOSSY
				texture type:  specularTexture, mapped using: "BakingUV"
			specular channel baked
			bake time:  0 min, 11.7129 secs
		num positions      :  1459
		num normals        :  1459
		num tangents       :  0
		num uvs            :  2918
		num uvs2           :  0
		num colors         :  0
		num triangles      :  508
	processing begun of mesh:  PalmTree.005
		processing begun of material:  bark
		processing begun of material:  leaf
			WARNING: Metal channel baking required, but not possible, ignored
			WARNING: Roughness channel baking required, but not possible, ignored
			WARNING: Refraction channel baking required, but not possible, ignored
			Baking texture, type: DIFFUSE, mapped using: BakingUV
			processing texture PalmTree_005_baked_DIFFUSE
				texture type:  diffuseTexture, mapped using: "BakingUV"
			Diffuse / albeto channel baked
			Baking texture, type: EMIT, mapped using: BakingUV
			processing texture PalmTree_005_baked_EMIT
				texture type:  emissiveTexture, mapped using: "BakingUV"
			emissive channel baked
			Baking texture, type: GLOSSY, mapped using: BakingUV
			processing texture PalmTree_005_baked_GLOSSY
				texture type:  specularTexture, mapped using: "BakingUV"
			specular channel baked
			bake time:  0 min, 11.7163 secs
		num positions      :  1455
		num normals        :  1455
		num tangents       :  0
		num uvs            :  2910
		num uvs2           :  0
		num colors         :  0
		num triangles      :  508
	processing begun of mesh:  PalmTree.006
		processing begun of material:  bark
		processing begun of material:  leaf
			WARNING: Metal channel baking required, but not possible, ignored
			WARNING: Roughness channel baking required, but not possible, ignored
			WARNING: Refraction channel baking required, but not possible, ignored
			Baking texture, type: DIFFUSE, mapped using: BakingUV
			processing texture PalmTree_006_baked_DIFFUSE
				texture type:  diffuseTexture, mapped using: "BakingUV"
			Diffuse / albeto channel baked
			Baking texture, type: EMIT, mapped using: BakingUV
			processing texture PalmTree_006_baked_EMIT
				texture type:  emissiveTexture, mapped using: "BakingUV"
			emissive channel baked
			Baking texture, type: GLOSSY, mapped using: BakingUV
			processing texture PalmTree_006_baked_GLOSSY
				texture type:  specularTexture, mapped using: "BakingUV"
			specular channel baked
			bake time:  0 min, 11.7929 secs
		num positions      :  1462
		num normals        :  1462
		num tangents       :  0
		num uvs            :  2924
		num uvs2           :  0
		num colors         :  0
		num triangles      :  508
	processing begun of mesh:  PalmTree.007
		processing begun of material:  bark
		processing begun of material:  leaf
			WARNING: Metal channel baking required, but not possible, ignored
			WARNING: Roughness channel baking required, but not possible, ignored
			WARNING: Refraction channel baking required, but not possible, ignored
			Baking texture, type: DIFFUSE, mapped using: BakingUV
			processing texture PalmTree_007_baked_DIFFUSE
				texture type:  diffuseTexture, mapped using: "BakingUV"
			Diffuse / albeto channel baked
			Baking texture, type: EMIT, mapped using: BakingUV
			processing texture PalmTree_007_baked_EMIT
				texture type:  emissiveTexture, mapped using: "BakingUV"
			emissive channel baked
			Baking texture, type: GLOSSY, mapped using: BakingUV
			processing texture PalmTree_007_baked_GLOSSY
				texture type:  specularTexture, mapped using: "BakingUV"
			specular channel baked
			bake time:  0 min, 11.5966 secs
		num positions      :  1461
		num normals        :  1461
		num tangents       :  0
		num uvs            :  2922
		num uvs2           :  0
		num colors         :  0
		num triangles      :  508
	processing begun of mesh:  PalmTree.008
		processing begun of material:  bark
		processing begun of material:  leaf
			WARNING: Metal channel baking required, but not possible, ignored
			WARNING: Roughness channel baking required, but not possible, ignored
			WARNING: Refraction channel baking required, but not possible, ignored
			Baking texture, type: DIFFUSE, mapped using: BakingUV
			processing texture PalmTree_008_baked_DIFFUSE
				texture type:  diffuseTexture, mapped using: "BakingUV"
			Diffuse / albeto channel baked
			Baking texture, type: EMIT, mapped using: BakingUV
			processing texture PalmTree_008_baked_EMIT
				texture type:  emissiveTexture, mapped using: "BakingUV"
			emissive channel baked
			Baking texture, type: GLOSSY, mapped using: BakingUV
			processing texture PalmTree_008_baked_GLOSSY
				texture type:  specularTexture, mapped using: "BakingUV"
			specular channel baked
			bake time:  0 min, 11.5483 secs
		num positions      :  1466
		num normals        :  1466
		num tangents       :  0
		num uvs            :  2932
		num uvs2           :  0
		num colors         :  0
		num triangles      :  508
	processing begun of mesh:  PalmTree.009
		processing begun of material:  bark
		processing begun of material:  leaf
			WARNING: Metal channel baking required, but not possible, ignored
			WARNING: Roughness channel baking required, but not possible, ignored
			WARNING: Refraction channel baking required, but not possible, ignored
			Baking texture, type: DIFFUSE, mapped using: BakingUV
			processing texture PalmTree_009_baked_DIFFUSE
				texture type:  diffuseTexture, mapped using: "BakingUV"
			Diffuse / albeto channel baked
			Baking texture, type: EMIT, mapped using: BakingUV
			processing texture PalmTree_009_baked_EMIT
				texture type:  emissiveTexture, mapped using: "BakingUV"
			emissive channel baked
			Baking texture, type: GLOSSY, mapped using: BakingUV
			processing texture PalmTree_009_baked_GLOSSY
				texture type:  specularTexture, mapped using: "BakingUV"
			specular channel baked
			bake time:  0 min, 11.5974 secs
		num positions      :  1462
		num normals        :  1462
		num tangents       :  0
		num uvs            :  2924
		num uvs2           :  0
		num colors         :  0
		num triangles      :  508
	processing begun of mesh:  PalmTree.010
		processing begun of material:  bark
		processing begun of material:  leaf
			WARNING: Metal channel baking required, but not possible, ignored
			WARNING: Roughness channel baking required, but not possible, ignored
			WARNING: Refraction channel baking required, but not possible, ignored
			Baking texture, type: DIFFUSE, mapped using: BakingUV
			processing texture PalmTree_010_baked_DIFFUSE
				texture type:  diffuseTexture, mapped using: "BakingUV"
			Diffuse / albeto channel baked
			Baking texture, type: EMIT, mapped using: BakingUV
			processing texture PalmTree_010_baked_EMIT
				texture type:  emissiveTexture, mapped using: "BakingUV"
			emissive channel baked
			Baking texture, type: GLOSSY, mapped using: BakingUV
			processing texture PalmTree_010_baked_GLOSSY
				texture type:  specularTexture, mapped using: "BakingUV"
			specular channel baked
			bake time:  0 min, 11.6176 secs
		num positions      :  1467
		num normals        :  1467
		num tangents       :  0
		num uvs            :  2934
		num uvs2           :  0
		num colors         :  0
		num triangles      :  508
	processing begun of mesh:  PalmTree.011
		processing begun of material:  bark
		processing begun of material:  leaf
			WARNING: Metal channel baking required, but not possible, ignored
			WARNING: Roughness channel baking required, but not possible, ignored
			WARNING: Refraction channel baking required, but not possible, ignored
			Baking texture, type: DIFFUSE, mapped using: BakingUV
			processing texture PalmTree_011_baked_DIFFUSE
				texture type:  diffuseTexture, mapped using: "BakingUV"
			Diffuse / albeto channel baked
			Baking texture, type: EMIT, mapped using: BakingUV
			processing texture PalmTree_011_baked_EMIT
				texture type:  emissiveTexture, mapped using: "BakingUV"
			emissive channel baked
			Baking texture, type: GLOSSY, mapped using: BakingUV
			processing texture PalmTree_011_baked_GLOSSY
				texture type:  specularTexture, mapped using: "BakingUV"
			specular channel baked
			bake time:  0 min, 11.6934 secs
		num positions      :  1470
		num normals        :  1470
		num tangents       :  0
		num uvs            :  2940
		num uvs2           :  0
		num colors         :  0
		num triangles      :  508
	processing begun of mesh:  PalmTree.012
		processing begun of material:  bark
		processing begun of material:  leaf
			WARNING: Metal channel baking required, but not possible, ignored
			WARNING: Roughness channel baking required, but not possible, ignored
			WARNING: Refraction channel baking required, but not possible, ignored
			Baking texture, type: DIFFUSE, mapped using: BakingUV
			processing texture PalmTree_012_baked_DIFFUSE
				texture type:  diffuseTexture, mapped using: "BakingUV"
			Diffuse / albeto channel baked
			Baking texture, type: EMIT, mapped using: BakingUV
			processing texture PalmTree_012_baked_EMIT
				texture type:  emissiveTexture, mapped using: "BakingUV"
			emissive channel baked
			Baking texture, type: GLOSSY, mapped using: BakingUV
			processing texture PalmTree_012_baked_GLOSSY
				texture type:  specularTexture, mapped using: "BakingUV"
			specular channel baked
			bake time:  0 min, 21.4461 secs
		num positions      :  432
		num normals        :  432
		num tangents       :  0
		num uvs            :  864
		num uvs2           :  0
		num colors         :  0
		num triangles      :  144
	processing begun of mesh:  PalmTree.013
		processing begun of material:  bark
		processing begun of material:  leaf
			WARNING: Metal channel baking required, but not possible, ignored
			WARNING: Roughness channel baking required, but not possible, ignored
			WARNING: Refraction channel baking required, but not possible, ignored
			Baking texture, type: DIFFUSE, mapped using: BakingUV
			processing texture PalmTree_013_baked_DIFFUSE
				texture type:  diffuseTexture, mapped using: "BakingUV"
			Diffuse / albeto channel baked
			Baking texture, type: EMIT, mapped using: BakingUV
			processing texture PalmTree_013_baked_EMIT
				texture type:  emissiveTexture, mapped using: "BakingUV"
			emissive channel baked
			Baking texture, type: GLOSSY, mapped using: BakingUV
			processing texture PalmTree_013_baked_GLOSSY
				texture type:  specularTexture, mapped using: "BakingUV"
			specular channel baked
			bake time:  0 min, 22.1043 secs
		num positions      :  432
		num normals        :  432
		num tangents       :  0
		num uvs            :  864
		num uvs2           :  0
		num colors         :  0
		num triangles      :  144
	processing begun of mesh:  PalmTree.014
		processing begun of material:  bark
		processing begun of material:  leaf
			WARNING: Metal channel baking required, but not possible, ignored
			WARNING: Roughness channel baking required, but not possible, ignored
			WARNING: Refraction channel baking required, but not possible, ignored
			Baking texture, type: DIFFUSE, mapped using: BakingUV
			processing texture PalmTree_014_baked_DIFFUSE
				texture type:  diffuseTexture, mapped using: "BakingUV"
			Diffuse / albeto channel baked
			Baking texture, type: EMIT, mapped using: BakingUV
			processing texture PalmTree_014_baked_EMIT
				texture type:  emissiveTexture, mapped using: "BakingUV"
			emissive channel baked
			Baking texture, type: GLOSSY, mapped using: BakingUV
			processing texture PalmTree_014_baked_GLOSSY
				texture type:  specularTexture, mapped using: "BakingUV"
			specular channel baked
			bake time:  0 min, 21.9338 secs
		num positions      :  432
		num normals        :  432
		num tangents       :  0
		num uvs            :  864
		num uvs2           :  0
		num colors         :  0
		num triangles      :  144
	processing begun of mesh:  PalmTree.015
		processing begun of material:  bark
		processing begun of material:  leaf
			WARNING: Metal channel baking required, but not possible, ignored
			WARNING: Roughness channel baking required, but not possible, ignored
			WARNING: Refraction channel baking required, but not possible, ignored
			Baking texture, type: DIFFUSE, mapped using: BakingUV
			processing texture PalmTree_015_baked_DIFFUSE
				texture type:  diffuseTexture, mapped using: "BakingUV"
			Diffuse / albeto channel baked
			Baking texture, type: EMIT, mapped using: BakingUV
			processing texture PalmTree_015_baked_EMIT
				texture type:  emissiveTexture, mapped using: "BakingUV"
			emissive channel baked
			Baking texture, type: GLOSSY, mapped using: BakingUV
			processing texture PalmTree_015_baked_GLOSSY
				texture type:  specularTexture, mapped using: "BakingUV"
			specular channel baked
			bake time:  0 min, 21.7513 secs
		num positions      :  432
		num normals        :  432
		num tangents       :  0
		num uvs            :  864
		num uvs2           :  0
		num colors         :  0
		num triangles      :  144
	processing begun of mesh:  PalmTree.016
		processing begun of material:  bark
		processing begun of material:  leaf
			WARNING: Metal channel baking required, but not possible, ignored
			WARNING: Roughness channel baking required, but not possible, ignored
			WARNING: Refraction channel baking required, but not possible, ignored
			Baking texture, type: DIFFUSE, mapped using: BakingUV
			processing texture PalmTree_016_baked_DIFFUSE
				texture type:  diffuseTexture, mapped using: "BakingUV"
			Diffuse / albeto channel baked
			Baking texture, type: EMIT, mapped using: BakingUV
			processing texture PalmTree_016_baked_EMIT
				texture type:  emissiveTexture, mapped using: "BakingUV"
			emissive channel baked
			Baking texture, type: GLOSSY, mapped using: BakingUV
			processing texture PalmTree_016_baked_GLOSSY
				texture type:  specularTexture, mapped using: "BakingUV"
			specular channel baked
			bake time:  0 min, 22.1693 secs
		num positions      :  432
		num normals        :  432
		num tangents       :  0
		num uvs            :  864
		num uvs2           :  0
		num colors         :  0
		num triangles      :  144
	processing begun of mesh:  PalmTree.017
		processing begun of material:  bark
		processing begun of material:  leaf
			WARNING: Metal channel baking required, but not possible, ignored
			WARNING: Roughness channel baking required, but not possible, ignored
			WARNING: Refraction channel baking required, but not possible, ignored
			Baking texture, type: DIFFUSE, mapped using: BakingUV
			processing texture PalmTree_017_baked_DIFFUSE
				texture type:  diffuseTexture, mapped using: "BakingUV"
			Diffuse / albeto channel baked
			Baking texture, type: EMIT, mapped using: BakingUV
			processing texture PalmTree_017_baked_EMIT
				texture type:  emissiveTexture, mapped using: "BakingUV"
			emissive channel baked
			Baking texture, type: GLOSSY, mapped using: BakingUV
			processing texture PalmTree_017_baked_GLOSSY
				texture type:  specularTexture, mapped using: "BakingUV"
			specular channel baked
			bake time:  0 min, 21.9216 secs
		num positions      :  432
		num normals        :  432
		num tangents       :  0
		num uvs            :  864
		num uvs2           :  0
		num colors         :  0
		num triangles      :  144
	processing begun of light (POINT):  Light
	processing begun of light (HEMI FROM AREA):  Area
========= Writing of JSON file started =========
	writing mesh:  PalmTree
	writing mesh:  PalmTree.001
	writing mesh:  PalmTree.002
	writing mesh:  PalmTree.003
	writing mesh:  PalmTree.004
	writing mesh:  PalmTree.005
	writing mesh:  PalmTree.006
	writing mesh:  PalmTree.007
	writing mesh:  PalmTree.008
	writing mesh:  PalmTree.009
	writing mesh:  PalmTree.010
	writing mesh:  PalmTree.011
	writing mesh:  PalmTree.012
	writing mesh:  PalmTree.013
	writing mesh:  PalmTree.014
	writing mesh:  PalmTree.015
	writing mesh:  PalmTree.016
	writing mesh:  PalmTree.017
========= Writing of JSON file completed =========
========= end of processing =========
elapsed time:  4 min, 31.8246 secs
